2022-12-10 19:50:26,414 [Worker-2: Loading available Gradle versions] INFO  o.e.b.c.i.u.g.PublishedGradleVersions - Gradle version information cache is up-to-date. Trying to read.
2022-12-10 19:50:47,315 [Worker-11: Updating Maven Dependencies] INFO  o.e.m.c.i.l.LifecycleMappingFactory - Using org.eclipse.m2e.jdt.JarLifecycleMapping lifecycle mapping for MavenProject: com.example:Payment-wallet-Application:0.0.1-SNAPSHOT @ C:\Users\abhis\Desktop\SB201 cwproject\prompt-boundary-6500\Payment-wallet-Application\pom.xml.
2022-12-10 19:50:47,834 [Worker-4: Building] INFO  o.e.m.c.i.l.LifecycleMappingFactory - Using org.eclipse.m2e.jdt.JarLifecycleMapping lifecycle mapping for MavenProject: com.example:Payment-wallet-Application:0.0.1-SNAPSHOT @ C:\Users\abhis\Desktop\SB201 cwproject\prompt-boundary-6500\Payment-wallet-Application\pom.xml.
2022-12-10 19:50:49,594 [Worker-4: Building] INFO  o.a.m.s.f.DefaultMavenResourcesFiltering - Copying 1 resource
2022-12-10 19:50:49,624 [Worker-4: Building] INFO  o.a.m.s.f.DefaultMavenResourcesFiltering - Copying 0 resource
2022-12-10 19:50:49,630 [Worker-4: Building] INFO  o.a.m.s.f.DefaultMavenResourcesFiltering - skip non existing resourceDirectory C:\Users\abhis\Desktop\SB201 cwproject\prompt-boundary-6500\Payment-wallet-Application\src\test\resources
2022-12-10 19:50:50,124 [Worker-2: Building] INFO  o.a.m.s.f.DefaultMavenResourcesFiltering - Copying 1 resource
2022-12-10 19:50:50,129 [Worker-2: Building] INFO  o.a.m.s.f.DefaultMavenResourcesFiltering - Copying 0 resource
2022-12-10 19:50:50,134 [Worker-2: Building] INFO  o.a.m.s.f.DefaultMavenResourcesFiltering - skip non existing resourceDirectory C:\Users\abhis\Desktop\SB201 cwproject\prompt-boundary-6500\Payment-wallet-Application\src\test\resources
2022-12-10 19:50:51,374 [Worker-5: Updating Maven Dependencies] INFO  o.e.m.c.i.l.LifecycleMappingFactory - Using org.eclipse.m2e.jdt.JarLifecycleMapping lifecycle mapping for MavenProject: com.example:Payment-wallet-Application:0.0.1-SNAPSHOT @ C:\Users\abhis\Desktop\SB201 cwproject\prompt-boundary-6500\Payment-wallet-Application\pom.xml.
2022-12-10 19:50:52,445 [Worker-5: Building] INFO  o.a.m.s.f.DefaultMavenResourcesFiltering - Copying 0 resource
2022-12-10 19:50:52,445 [Worker-5: Building] INFO  o.a.m.s.f.DefaultMavenResourcesFiltering - Copying 0 resource
2022-12-10 19:50:52,453 [Worker-5: Building] INFO  o.a.m.s.f.DefaultMavenResourcesFiltering - skip non existing resourceDirectory C:\Users\abhis\Desktop\SB201 cwproject\prompt-boundary-6500\Payment-wallet-Application\src\test\resources
2022-12-10 19:55:22,901 [Worker-6: Building] INFO  o.a.m.s.f.DefaultMavenResourcesFiltering - Copying 1 resource
2022-12-10 19:55:22,930 [Worker-6: Building] INFO  o.a.m.s.f.DefaultMavenResourcesFiltering - Copying 0 resource
2022-12-10 19:55:22,939 [Worker-6: Building] INFO  o.a.m.s.f.DefaultMavenResourcesFiltering - skip non existing resourceDirectory C:\Users\abhis\Desktop\SB201 cwproject\prompt-boundary-6500\Payment-wallet-Application\src\test\resources
2022-12-10 19:55:35,911 [Worker-8: Building] INFO  o.a.m.s.f.DefaultMavenResourcesFiltering - Copying 1 resource
2022-12-10 19:55:35,926 [Worker-8: Building] INFO  o.a.m.s.f.DefaultMavenResourcesFiltering - Copying 0 resource
2022-12-10 19:55:35,933 [Worker-8: Building] INFO  o.a.m.s.f.DefaultMavenResourcesFiltering - skip non existing resourceDirectory C:\Users\abhis\Desktop\SB201 cwproject\prompt-boundary-6500\Payment-wallet-Application\src\test\resources
2022-12-10 19:56:24,624 [Worker-8: Building] INFO  o.a.m.s.f.DefaultMavenResourcesFiltering - Copying 1 resource
2022-12-10 19:56:24,698 [Worker-8: Building] INFO  o.a.m.s.f.DefaultMavenResourcesFiltering - Copying 0 resource
2022-12-10 19:56:24,709 [Worker-8: Building] INFO  o.a.m.s.f.DefaultMavenResourcesFiltering - skip non existing resourceDirectory C:\Users\abhis\Desktop\SB201 cwproject\prompt-boundary-6500\Payment-wallet-Application\src\test\resources
2022-12-10 19:56:45,500 [Worker-13: Building] INFO  o.a.m.s.f.DefaultMavenResourcesFiltering - Copying 1 resource
2022-12-10 19:56:45,540 [Worker-13: Building] INFO  o.a.m.s.f.DefaultMavenResourcesFiltering - Copying 0 resource
2022-12-10 19:56:45,547 [Worker-13: Building] INFO  o.a.m.s.f.DefaultMavenResourcesFiltering - skip non existing resourceDirectory C:\Users\abhis\Desktop\SB201 cwproject\prompt-boundary-6500\Payment-wallet-Application\src\test\resources
2022-12-10 19:57:10,250 [Worker-6: Building] INFO  o.a.m.s.f.DefaultMavenResourcesFiltering - Copying 1 resource
2022-12-10 19:57:10,259 [Worker-6: Building] INFO  o.a.m.s.f.DefaultMavenResourcesFiltering - Copying 0 resource
2022-12-10 19:57:10,264 [Worker-6: Building] INFO  o.a.m.s.f.DefaultMavenResourcesFiltering - skip non existing resourceDirectory C:\Users\abhis\Desktop\SB201 cwproject\prompt-boundary-6500\Payment-wallet-Application\src\test\resources
2022-12-10 19:57:28,343 [Worker-6: Building] INFO  o.a.m.s.f.DefaultMavenResourcesFiltering - Copying 1 resource
2022-12-10 19:57:28,357 [Worker-6: Building] INFO  o.a.m.s.f.DefaultMavenResourcesFiltering - Copying 0 resource
2022-12-10 19:57:28,363 [Worker-6: Building] INFO  o.a.m.s.f.DefaultMavenResourcesFiltering - skip non existing resourceDirectory C:\Users\abhis\Desktop\SB201 cwproject\prompt-boundary-6500\Payment-wallet-Application\src\test\resources
2022-12-10 20:01:26,318 [Worker-19: Building] INFO  o.a.m.s.f.DefaultMavenResourcesFiltering - Copying 1 resource
2022-12-10 20:01:26,329 [Worker-19: Building] INFO  o.a.m.s.f.DefaultMavenResourcesFiltering - Copying 0 resource
2022-12-10 20:01:26,336 [Worker-19: Building] INFO  o.a.m.s.f.DefaultMavenResourcesFiltering - skip non existing resourceDirectory C:\Users\abhis\Desktop\SB201 cwproject\prompt-boundary-6500\Payment-wallet-Application\src\test\resources
2022-12-10 20:10:12,045 [Worker-21: Building] INFO  o.a.m.s.f.DefaultMavenResourcesFiltering - Copying 1 resource
2022-12-10 20:10:12,061 [Worker-21: Building] INFO  o.a.m.s.f.DefaultMavenResourcesFiltering - Copying 0 resource
2022-12-10 20:10:12,067 [Worker-21: Building] INFO  o.a.m.s.f.DefaultMavenResourcesFiltering - skip non existing resourceDirectory C:\Users\abhis\Desktop\SB201 cwproject\prompt-boundary-6500\Payment-wallet-Application\src\test\resources
2022-12-10 20:10:20,034 [Worker-24: Building] INFO  o.a.m.s.f.DefaultMavenResourcesFiltering - Copying 1 resource
2022-12-10 20:10:20,045 [Worker-24: Building] INFO  o.a.m.s.f.DefaultMavenResourcesFiltering - Copying 0 resource
2022-12-10 20:10:20,050 [Worker-24: Building] INFO  o.a.m.s.f.DefaultMavenResourcesFiltering - skip non existing resourceDirectory C:\Users\abhis\Desktop\SB201 cwproject\prompt-boundary-6500\Payment-wallet-Application\src\test\resources
2022-12-10 20:10:22,152 [Worker-24: Building] INFO  o.a.m.s.f.DefaultMavenResourcesFiltering - Copying 1 resource
2022-12-10 20:10:22,163 [Worker-24: Building] INFO  o.a.m.s.f.DefaultMavenResourcesFiltering - Copying 0 resource
2022-12-10 20:10:22,167 [Worker-24: Building] INFO  o.a.m.s.f.DefaultMavenResourcesFiltering - skip non existing resourceDirectory C:\Users\abhis\Desktop\SB201 cwproject\prompt-boundary-6500\Payment-wallet-Application\src\test\resources
2022-12-10 20:10:24,216 [Worker-21: Building] INFO  o.a.m.s.f.DefaultMavenResourcesFiltering - Copying 1 resource
2022-12-10 20:10:24,229 [Worker-21: Building] INFO  o.a.m.s.f.DefaultMavenResourcesFiltering - Copying 0 resource
2022-12-10 20:10:24,234 [Worker-21: Building] INFO  o.a.m.s.f.DefaultMavenResourcesFiltering - skip non existing resourceDirectory C:\Users\abhis\Desktop\SB201 cwproject\prompt-boundary-6500\Payment-wallet-Application\src\test\resources
2022-12-10 20:10:25,319 [Worker-6: Building] INFO  o.a.m.s.f.DefaultMavenResourcesFiltering - Copying 1 resource
2022-12-10 20:10:25,330 [Worker-6: Building] INFO  o.a.m.s.f.DefaultMavenResourcesFiltering - Copying 0 resource
2022-12-10 20:10:25,333 [Worker-6: Building] INFO  o.a.m.s.f.DefaultMavenResourcesFiltering - skip non existing resourceDirectory C:\Users\abhis\Desktop\SB201 cwproject\prompt-boundary-6500\Payment-wallet-Application\src\test\resources
2022-12-10 20:10:27,467 [Worker-25: Building] INFO  o.a.m.s.f.DefaultMavenResourcesFiltering - Copying 1 resource
2022-12-10 20:10:27,486 [Worker-25: Building] INFO  o.a.m.s.f.DefaultMavenResourcesFiltering - Copying 0 resource
2022-12-10 20:10:27,489 [Worker-25: Building] INFO  o.a.m.s.f.DefaultMavenResourcesFiltering - skip non existing resourceDirectory C:\Users\abhis\Desktop\SB201 cwproject\prompt-boundary-6500\Payment-wallet-Application\src\test\resources
